This file contains any messages produced by compilers while
running configure, to aid debugging if configure makes a mistake.

It was created by httperf configure 0.9.1, which was
generated by GNU Autoconf 2.69.  Invocation command line was

  $ ../configure --no-create --no-recursion

## --------- ##
## Platform. ##
## --------- ##

hostname = gros-64.nancy.grid5000.fr
uname -m = x86_64
uname -r = 5.10.0-28-amd64
uname -s = Linux
uname -v = #1 SMP Debian 5.10.209-2 (2024-01-31)

/usr/bin/uname -p = unknown
/bin/uname -X     = unknown

/bin/arch              = x86_64
/usr/bin/arch -k       = unknown
/usr/convex/getsysinfo = unknown
/usr/bin/hostinfo      = unknown
/bin/machine           = unknown
/usr/bin/oslevel       = unknown
/bin/universe          = unknown

PATH: /usr/local/bin
PATH: /usr/bin
PATH: /bin
PATH: /usr/local/games
PATH: /usr/games
PATH: /usr/local/cuda/bin
PATH: /grid5000/code/bin
PATH: /opt/rocm/bin
PATH: /opt/dell/srvadmin/bin
PATH: /usr/local/cuda/bin
PATH: /grid5000/code/bin
PATH: /opt/rocm/bin


## ----------- ##
## Core tests. ##
## ----------- ##

configure:2338: checking build system type
configure:2352: result: x86_64-pc-linux-gnu
configure:2372: checking host system type
configure:2385: result: x86_64-pc-linux-gnu
configure:2405: checking target system type
configure:2418: result: x86_64-pc-linux-gnu
configure:2461: checking for a BSD-compatible install
configure:2529: result: /usr/bin/install -c
configure:2540: checking whether build environment is sane
configure:2595: result: yes
configure:2741: checking for a thread-safe mkdir -p
configure:2780: result: /usr/bin/mkdir -p
configure:2787: checking for gawk
configure:2803: found /usr/bin/gawk
configure:2814: result: gawk
configure:2825: checking whether make sets $(MAKE)
configure:2847: result: yes
configure:2876: checking whether make supports nested variables
configure:2893: result: yes
configure:3026: checking whether make supports the include directive
configure:3041: make -f confmf.GNU && cat confinc.out
make[1]: Entering directory '/home/ycao/httperf-master/build'
make[1]: Leaving directory '/home/ycao/httperf-master/build'
this is the am__doit target
configure:3044: $? = 0
configure:3063: result: yes (GNU style)
configure:3133: checking for gcc
configure:3149: found /usr/bin/gcc
configure:3160: result: gcc
configure:3389: checking for C compiler version
configure:3398: gcc --version >&5
gcc (Debian 10.2.1-6) 10.2.1 20210110
Copyright (C) 2020 Free Software Foundation, Inc.
This is free software; see the source for copying conditions.  There is NO
warranty; not even for MERCHANTABILITY or FITNESS FOR A PARTICULAR PURPOSE.

configure:3409: $? = 0
configure:3398: gcc -v >&5
Using built-in specs.
COLLECT_GCC=gcc
COLLECT_LTO_WRAPPER=/usr/lib/gcc/x86_64-linux-gnu/10/lto-wrapper
OFFLOAD_TARGET_NAMES=nvptx-none:amdgcn-amdhsa:hsa
OFFLOAD_TARGET_DEFAULT=1
Target: x86_64-linux-gnu
Configured with: ../src/configure -v --with-pkgversion='Debian 10.2.1-6' --with-bugurl=file:///usr/share/doc/gcc-10/README.Bugs --enable-languages=c,ada,c++,go,brig,d,fortran,objc,obj-c++,m2 --prefix=/usr --with-gcc-major-version-only --program-suffix=-10 --program-prefix=x86_64-linux-gnu- --enable-shared --enable-linker-build-id --libexecdir=/usr/lib --without-included-gettext --enable-threads=posix --libdir=/usr/lib --enable-nls --enable-bootstrap --enable-clocale=gnu --enable-libstdcxx-debug --enable-libstdcxx-time=yes --with-default-libstdcxx-abi=new --enable-gnu-unique-object --disable-vtable-verify --enable-plugin --enable-default-pie --with-system-zlib --enable-libphobos-checking=release --with-target-system-zlib=auto --enable-objc-gc=auto --enable-multiarch --disable-werror --with-arch-32=i686 --with-abi=m64 --with-multilib-list=m32,m64,mx32 --enable-multilib --with-tune=generic --enable-offload-targets=nvptx-none=/build/gcc-10-Km9U7s/gcc-10-10.2.1/debian/tmp-nvptx/usr,amdgcn-amdhsa=/build/gcc-10-Km9U7s/gcc-10-10.2.1/debian/tmp-gcn/usr,hsa --without-cuda-driver --enable-checking=release --build=x86_64-linux-gnu --host=x86_64-linux-gnu --target=x86_64-linux-gnu --with-build-config=bootstrap-lto-lean --enable-link-mutex
Thread model: posix
Supported LTO compression algorithms: zlib zstd
gcc version 10.2.1 20210110 (Debian 10.2.1-6) 
... rest of stderr output deleted ...
configure:3409: $? = 0
configure:3398: gcc -V >&5
gcc: error: unrecognized command-line option '-V'
gcc: fatal error: no input files
compilation terminated.
configure:3409: $? = 1
configure:3398: gcc -qversion >&5
gcc: error: unrecognized command-line option '-qversion'; did you mean '--version'?
gcc: fatal error: no input files
compilation terminated.
configure:3409: $? = 1
configure:3429: checking whether the C compiler works
configure:3451: gcc    conftest.c  >&5
configure:3455: $? = 0
configure:3503: result: yes
configure:3506: checking for C compiler default output file name
configure:3508: result: a.out
configure:3514: checking for suffix of executables
configure:3521: gcc -o conftest    conftest.c  >&5
configure:3525: $? = 0
configure:3547: result: 
configure:3569: checking whether we are cross compiling
configure:3577: gcc -o conftest    conftest.c  >&5
configure:3581: $? = 0
configure:3588: ./conftest
configure:3592: $? = 0
configure:3607: result: no
configure:3612: checking for suffix of object files
configure:3634: gcc -c   conftest.c >&5
configure:3638: $? = 0
configure:3659: result: o
configure:3663: checking whether we are using the GNU C compiler
configure:3682: gcc -c   conftest.c >&5
configure:3682: $? = 0
configure:3691: result: yes
configure:3700: checking whether gcc accepts -g
configure:3720: gcc -c -g  conftest.c >&5
configure:3720: $? = 0
configure:3761: result: yes
configure:3778: checking for gcc option to accept ISO C89
configure:3841: gcc  -c -g -O2  conftest.c >&5
configure:3841: $? = 0
configure:3854: result: none needed
configure:3879: checking whether gcc understands -c and -o together
configure:3901: gcc -c conftest.c -o conftest2.o
configure:3904: $? = 0
configure:3901: gcc -c conftest.c -o conftest2.o
configure:3904: $? = 0
configure:3916: result: yes
configure:3935: checking dependency style of gcc
configure:4046: result: gcc3
configure:4067: checking how to run the C preprocessor
configure:4098: gcc -E  conftest.c
configure:4098: $? = 0
configure:4112: gcc -E  conftest.c
conftest.c:11:10: fatal error: ac_nonexistent.h: No such file or directory
   11 | #include <ac_nonexistent.h>
      |          ^~~~~~~~~~~~~~~~~~
compilation terminated.
configure:4112: $? = 1
configure: failed program was:
| /* confdefs.h */
| #define PACKAGE_NAME "httperf"
| #define PACKAGE_TARNAME "httperf"
| #define PACKAGE_VERSION "0.9.1"
| #define PACKAGE_STRING "httperf 0.9.1"
| #define PACKAGE_BUGREPORT "httperf@linux.hpl.hp.com"
| #define PACKAGE_URL ""
| #define PACKAGE "httperf"
| #define VERSION "0.9.1"
| /* end confdefs.h.  */
| #include <ac_nonexistent.h>
configure:4137: result: gcc -E
configure:4157: gcc -E  conftest.c
configure:4157: $? = 0
configure:4171: gcc -E  conftest.c
conftest.c:11:10: fatal error: ac_nonexistent.h: No such file or directory
   11 | #include <ac_nonexistent.h>
      |          ^~~~~~~~~~~~~~~~~~
compilation terminated.
configure:4171: $? = 1
configure: failed program was:
| /* confdefs.h */
| #define PACKAGE_NAME "httperf"
| #define PACKAGE_TARNAME "httperf"
| #define PACKAGE_VERSION "0.9.1"
| #define PACKAGE_STRING "httperf 0.9.1"
| #define PACKAGE_BUGREPORT "httperf@linux.hpl.hp.com"
| #define PACKAGE_URL ""
| #define PACKAGE "httperf"
| #define VERSION "0.9.1"
| /* end confdefs.h.  */
| #include <ac_nonexistent.h>
configure:4200: checking for grep that handles long lines and -e
configure:4258: result: /usr/bin/grep
configure:4263: checking for egrep
configure:4325: result: /usr/bin/grep -E
configure:4330: checking for ANSI C header files
configure:4350: gcc -c -g -O2  conftest.c >&5
configure:4350: $? = 0
configure:4423: gcc -o conftest -g -O2   conftest.c  >&5
configure:4423: $? = 0
configure:4423: ./conftest
configure:4423: $? = 0
configure:4434: result: yes
configure:4447: checking for sys/types.h
configure:4447: gcc -c -g -O2  conftest.c >&5
configure:4447: $? = 0
configure:4447: result: yes
configure:4447: checking for sys/stat.h
configure:4447: gcc -c -g -O2  conftest.c >&5
configure:4447: $? = 0
configure:4447: result: yes
configure:4447: checking for stdlib.h
configure:4447: gcc -c -g -O2  conftest.c >&5
configure:4447: $? = 0
configure:4447: result: yes
configure:4447: checking for string.h
configure:4447: gcc -c -g -O2  conftest.c >&5
configure:4447: $? = 0
configure:4447: result: yes
configure:4447: checking for memory.h
configure:4447: gcc -c -g -O2  conftest.c >&5
configure:4447: $? = 0
configure:4447: result: yes
configure:4447: checking for strings.h
configure:4447: gcc -c -g -O2  conftest.c >&5
configure:4447: $? = 0
configure:4447: result: yes
configure:4447: checking for inttypes.h
configure:4447: gcc -c -g -O2  conftest.c >&5
configure:4447: $? = 0
configure:4447: result: yes
configure:4447: checking for stdint.h
configure:4447: gcc -c -g -O2  conftest.c >&5
configure:4447: $? = 0
configure:4447: result: yes
configure:4447: checking for unistd.h
configure:4447: gcc -c -g -O2  conftest.c >&5
configure:4447: $? = 0
configure:4447: result: yes
configure:4460: checking minix/config.h usability
configure:4460: gcc -c -g -O2  conftest.c >&5
conftest.c:54:10: fatal error: minix/config.h: No such file or directory
   54 | #include <minix/config.h>
      |          ^~~~~~~~~~~~~~~~
compilation terminated.
configure:4460: $? = 1
configure: failed program was:
| /* confdefs.h */
| #define PACKAGE_NAME "httperf"
| #define PACKAGE_TARNAME "httperf"
| #define PACKAGE_VERSION "0.9.1"
| #define PACKAGE_STRING "httperf 0.9.1"
| #define PACKAGE_BUGREPORT "httperf@linux.hpl.hp.com"
| #define PACKAGE_URL ""
| #define PACKAGE "httperf"
| #define VERSION "0.9.1"
| #define STDC_HEADERS 1
| #define HAVE_SYS_TYPES_H 1
| #define HAVE_SYS_STAT_H 1
| #define HAVE_STDLIB_H 1
| #define HAVE_STRING_H 1
| #define HAVE_MEMORY_H 1
| #define HAVE_STRINGS_H 1
| #define HAVE_INTTYPES_H 1
| #define HAVE_STDINT_H 1
| #define HAVE_UNISTD_H 1
| /* end confdefs.h.  */
| #include <stdio.h>
| #ifdef HAVE_SYS_TYPES_H
| # include <sys/types.h>
| #endif
| #ifdef HAVE_SYS_STAT_H
| # include <sys/stat.h>
| #endif
| #ifdef STDC_HEADERS
| # include <stdlib.h>
| # include <stddef.h>
| #else
| # ifdef HAVE_STDLIB_H
| #  include <stdlib.h>
| # endif
| #endif
| #ifdef HAVE_STRING_H
| # if !defined STDC_HEADERS && defined HAVE_MEMORY_H
| #  include <memory.h>
| # endif
| # include <string.h>
| #endif
| #ifdef HAVE_STRINGS_H
| # include <strings.h>
| #endif
| #ifdef HAVE_INTTYPES_H
| # include <inttypes.h>
| #endif
| #ifdef HAVE_STDINT_H
| # include <stdint.h>
| #endif
| #ifdef HAVE_UNISTD_H
| # include <unistd.h>
| #endif
| #include <minix/config.h>
configure:4460: result: no
configure:4460: checking minix/config.h presence
configure:4460: gcc -E  conftest.c
conftest.c:21:10: fatal error: minix/config.h: No such file or directory
   21 | #include <minix/config.h>
      |          ^~~~~~~~~~~~~~~~
compilation terminated.
configure:4460: $? = 1
configure: failed program was:
| /* confdefs.h */
| #define PACKAGE_NAME "httperf"
| #define PACKAGE_TARNAME "httperf"
| #define PACKAGE_VERSION "0.9.1"
| #define PACKAGE_STRING "httperf 0.9.1"
| #define PACKAGE_BUGREPORT "httperf@linux.hpl.hp.com"
| #define PACKAGE_URL ""
| #define PACKAGE "httperf"
| #define VERSION "0.9.1"
| #define STDC_HEADERS 1
| #define HAVE_SYS_TYPES_H 1
| #define HAVE_SYS_STAT_H 1
| #define HAVE_STDLIB_H 1
| #define HAVE_STRING_H 1
| #define HAVE_MEMORY_H 1
| #define HAVE_STRINGS_H 1
| #define HAVE_INTTYPES_H 1
| #define HAVE_STDINT_H 1
| #define HAVE_UNISTD_H 1
| /* end confdefs.h.  */
| #include <minix/config.h>
configure:4460: result: no
configure:4460: checking for minix/config.h
configure:4460: result: no
configure:4481: checking whether it is safe to define __EXTENSIONS__
configure:4499: gcc -c -g -O2  conftest.c >&5
configure:4499: $? = 0
configure:4506: result: yes
configure:4633: checking for C compiler version
configure:4642: gcc --version >&5
gcc (Debian 10.2.1-6) 10.2.1 20210110
Copyright (C) 2020 Free Software Foundation, Inc.
This is free software; see the source for copying conditions.  There is NO
warranty; not even for MERCHANTABILITY or FITNESS FOR A PARTICULAR PURPOSE.

configure:4653: $? = 0
configure:4642: gcc -v >&5
Using built-in specs.
COLLECT_GCC=gcc
COLLECT_LTO_WRAPPER=/usr/lib/gcc/x86_64-linux-gnu/10/lto-wrapper
OFFLOAD_TARGET_NAMES=nvptx-none:amdgcn-amdhsa:hsa
OFFLOAD_TARGET_DEFAULT=1
Target: x86_64-linux-gnu
Configured with: ../src/configure -v --with-pkgversion='Debian 10.2.1-6' --with-bugurl=file:///usr/share/doc/gcc-10/README.Bugs --enable-languages=c,ada,c++,go,brig,d,fortran,objc,obj-c++,m2 --prefix=/usr --with-gcc-major-version-only --program-suffix=-10 --program-prefix=x86_64-linux-gnu- --enable-shared --enable-linker-build-id --libexecdir=/usr/lib --without-included-gettext --enable-threads=posix --libdir=/usr/lib --enable-nls --enable-bootstrap --enable-clocale=gnu --enable-libstdcxx-debug --enable-libstdcxx-time=yes --with-default-libstdcxx-abi=new --enable-gnu-unique-object --disable-vtable-verify --enable-plugin --enable-default-pie --with-system-zlib --enable-libphobos-checking=release --with-target-system-zlib=auto --enable-objc-gc=auto --enable-multiarch --disable-werror --with-arch-32=i686 --with-abi=m64 --with-multilib-list=m32,m64,mx32 --enable-multilib --with-tune=generic --enable-offload-targets=nvptx-none=/build/gcc-10-Km9U7s/gcc-10-10.2.1/debian/tmp-nvptx/usr,amdgcn-amdhsa=/build/gcc-10-Km9U7s/gcc-10-10.2.1/debian/tmp-gcn/usr,hsa --without-cuda-driver --enable-checking=release --build=x86_64-linux-gnu --host=x86_64-linux-gnu --target=x86_64-linux-gnu --with-build-config=bootstrap-lto-lean --enable-link-mutex
Thread model: posix
Supported LTO compression algorithms: zlib zstd
gcc version 10.2.1 20210110 (Debian 10.2.1-6) 
... rest of stderr output deleted ...
configure:4653: $? = 0
configure:4642: gcc -V >&5
gcc: error: unrecognized command-line option '-V'
gcc: fatal error: no input files
compilation terminated.
configure:4653: $? = 1
configure:4642: gcc -qversion >&5
gcc: error: unrecognized command-line option '-qversion'; did you mean '--version'?
gcc: fatal error: no input files
compilation terminated.
configure:4653: $? = 1
configure:4657: checking whether we are using the GNU C compiler
configure:4685: result: yes
configure:4694: checking whether gcc accepts -g
configure:4755: result: yes
configure:4772: checking for gcc option to accept ISO C89
configure:4848: result: none needed
configure:4873: checking whether gcc understands -c and -o together
configure:4910: result: yes
configure:4929: checking dependency style of gcc
configure:5040: result: gcc3
configure:5055: checking for gcc option to accept ISO C99
configure:5204: gcc  -c -g -O2  conftest.c >&5
configure:5204: $? = 0
configure:5217: result: none needed
configure:5280: checking how to print strings
configure:5307: result: printf
configure:5328: checking for a sed that does not truncate output
configure:5392: result: /usr/bin/sed
configure:5410: checking for fgrep
configure:5472: result: /usr/bin/grep -F
configure:5507: checking for ld used by gcc
configure:5574: result: /usr/bin/ld
configure:5581: checking if the linker (/usr/bin/ld) is GNU ld
configure:5596: result: yes
configure:5608: checking for BSD- or MS-compatible name lister (nm)
configure:5662: result: /usr/bin/nm -B
configure:5792: checking the name lister (/usr/bin/nm -B) interface
configure:5799: gcc -c -g -O2  conftest.c >&5
configure:5802: /usr/bin/nm -B "conftest.o"
configure:5805: output
0000000000000000 B some_variable
configure:5812: result: BSD nm
configure:5815: checking whether ln -s works
configure:5819: result: yes
configure:5827: checking the maximum length of command line arguments
configure:5958: result: 1572864
configure:6006: checking how to convert x86_64-pc-linux-gnu file names to x86_64-pc-linux-gnu format
configure:6046: result: func_convert_file_noop
configure:6053: checking how to convert x86_64-pc-linux-gnu file names to toolchain format
configure:6073: result: func_convert_file_noop
configure:6080: checking for /usr/bin/ld option to reload object files
configure:6087: result: -r
configure:6161: checking for objdump
configure:6177: found /usr/bin/objdump
configure:6188: result: objdump
configure:6220: checking how to recognize dependent libraries
configure:6420: result: pass_all
configure:6505: checking for dlltool
configure:6535: result: no
configure:6565: checking how to associate runtime and link libraries
configure:6592: result: printf %s\n
configure:6652: checking for ar
configure:6668: found /usr/bin/ar
configure:6679: result: ar
configure:6716: checking for archiver @FILE support
configure:6733: gcc -c -g -O2  conftest.c >&5
configure:6733: $? = 0
configure:6736: ar cr libconftest.a @conftest.lst >&5
configure:6739: $? = 0
configure:6744: ar cr libconftest.a @conftest.lst >&5
ar: conftest.o: No such file or directory
configure:6747: $? = 1
configure:6759: result: @
configure:6817: checking for strip
configure:6833: found /usr/bin/strip
configure:6844: result: strip
configure:6916: checking for ranlib
configure:6932: found /usr/bin/ranlib
configure:6943: result: ranlib
configure:7045: checking command to parse /usr/bin/nm -B output from gcc object
configure:7198: gcc -c -g -O2  conftest.c >&5
configure:7201: $? = 0
configure:7205: /usr/bin/nm -B conftest.o | sed -n -e 's/^.*[	 ]\([ABCDGIRSTW][ABCDGIRSTW]*\)[	 ][	 ]*\([_A-Za-z][_A-Za-z0-9]*\)$/\1 \2 \2/p' | sed '/ __gnu_lto/d' > conftest.nm
configure:7271: gcc -o conftest -g -O2   conftest.c conftstm.o >&5
configure:7274: $? = 0
configure:7312: result: ok
configure:7359: checking for sysroot
configure:7389: result: no
configure:7396: checking for a working dd
configure:7434: result: /usr/bin/dd
configure:7438: checking how to truncate binary pipes
configure:7453: result: /usr/bin/dd bs=4096 count=1
configure:7589: gcc -c -g -O2  conftest.c >&5
configure:7592: $? = 0
configure:7782: checking for mt
configure:7798: found /usr/bin/mt
configure:7809: result: mt
configure:7832: checking if mt is a manifest tool
configure:7838: mt '-?'
configure:7846: result: no
configure:8520: checking for dlfcn.h
configure:8520: gcc -c -g -O2  conftest.c >&5
configure:8520: $? = 0
configure:8520: result: yes
configure:8776: checking for objdir
configure:8791: result: .libs
configure:9055: checking if gcc supports -fno-rtti -fno-exceptions
configure:9073: gcc -c -g -O2  -fno-rtti -fno-exceptions conftest.c >&5
cc1: warning: command-line option '-fno-rtti' is valid for C++/D/ObjC++ but not for C
configure:9077: $? = 0
configure:9090: result: no
configure:9454: checking for gcc option to produce PIC
configure:9461: result: -fPIC -DPIC
configure:9469: checking if gcc PIC flag -fPIC -DPIC works
configure:9487: gcc -c -g -O2  -fPIC -DPIC -DPIC conftest.c >&5
configure:9491: $? = 0
configure:9504: result: yes
configure:9533: checking if gcc static flag -static works
configure:9561: result: yes
configure:9576: checking if gcc supports -c -o file.o
configure:9597: gcc -c -g -O2  -o out/conftest2.o conftest.c >&5
configure:9601: $? = 0
configure:9623: result: yes
configure:9631: checking if gcc supports -c -o file.o
configure:9678: result: yes
configure:9711: checking whether the gcc linker (/usr/bin/ld -m elf_x86_64) supports shared libraries
configure:10974: result: yes
configure:11011: checking whether -lc should be explicitly linked in
configure:11019: gcc -c -g -O2  conftest.c >&5
configure:11022: $? = 0
configure:11037: gcc -shared  -fPIC -DPIC conftest.o  -v -Wl,-soname -Wl,conftest -o conftest 2\>\&1 \| /usr/bin/grep  -lc  \>/dev/null 2\>\&1
configure:11040: $? = 0
configure:11054: result: no
configure:11214: checking dynamic linker characteristics
configure:11795: gcc -o conftest -g -O2   -Wl,-rpath -Wl,/foo conftest.c  >&5
configure:11795: $? = 0
configure:12044: result: GNU/Linux ld.so
configure:12166: checking how to hardcode library paths into programs
configure:12191: result: immediate
configure:12739: checking whether stripping libraries is possible
configure:12744: result: yes
configure:12779: checking if libtool supports shared libraries
configure:12781: result: yes
configure:12784: checking whether to build shared libraries
configure:12809: result: yes
configure:12812: checking whether to build static libraries
configure:12816: result: yes
configure:12924: checking for sqrt in -lm
configure:12949: gcc -o conftest -g -O2   conftest.c -lm   >&5
conftest.c:35:6: warning: conflicting types for built-in function 'sqrt'; expected 'double(double)' [-Wbuiltin-declaration-mismatch]
   35 | char sqrt ();
      |      ^~~~
conftest.c:1:1: note: 'sqrt' is declared in header '<math.h>'
    1 | /* confdefs.h */
configure:12949: $? = 0
configure:12958: result: yes
configure:12969: checking for main in -lcrypto
configure:12988: gcc -o conftest -g -O2   conftest.c -lcrypto  -lm  >&5
configure:12988: $? = 0
configure:12997: result: yes
configure:13008: checking for SSL_version in -lssl
configure:13033: gcc -o conftest -g -O2   conftest.c -lssl  -lcrypto -lm  >&5
configure:13033: $? = 0
configure:13042: result: yes
configure:13057: checking for library containing getsockopt
configure:13088: gcc -o conftest -g -O2   conftest.c -lssl -lcrypto -lm  >&5
configure:13088: $? = 0
configure:13105: result: none required
configure:13113: checking for library containing socket
configure:13144: gcc -o conftest -g -O2   conftest.c -lssl -lcrypto -lm  >&5
configure:13144: $? = 0
configure:13161: result: none required
configure:13169: checking for library containing gethostbyname
configure:13200: gcc -o conftest -g -O2   conftest.c -lssl -lcrypto -lm  >&5
configure:13200: $? = 0
configure:13217: result: none required
configure:13225: checking for library containing inet_aton
configure:13256: gcc -o conftest -g -O2   conftest.c -lssl -lcrypto -lm  >&5
configure:13256: $? = 0
configure:13273: result: none required
configure:13283: checking for size_t
configure:13283: gcc -c -g -O2  conftest.c >&5
configure:13283: $? = 0
configure:13283: gcc -c -g -O2  conftest.c >&5
conftest.c: In function 'main':
conftest.c:67:21: error: expected expression before ')' token
   67 | if (sizeof ((size_t)))
      |                     ^
configure:13283: $? = 1
configure: failed program was:
| /* confdefs.h */
| #define PACKAGE_NAME "httperf"
| #define PACKAGE_TARNAME "httperf"
| #define PACKAGE_VERSION "0.9.1"
| #define PACKAGE_STRING "httperf 0.9.1"
| #define PACKAGE_BUGREPORT "httperf@linux.hpl.hp.com"
| #define PACKAGE_URL ""
| #define PACKAGE "httperf"
| #define VERSION "0.9.1"
| #define STDC_HEADERS 1
| #define HAVE_SYS_TYPES_H 1
| #define HAVE_SYS_STAT_H 1
| #define HAVE_STDLIB_H 1
| #define HAVE_STRING_H 1
| #define HAVE_MEMORY_H 1
| #define HAVE_STRINGS_H 1
| #define HAVE_INTTYPES_H 1
| #define HAVE_STDINT_H 1
| #define HAVE_UNISTD_H 1
| #define __EXTENSIONS__ 1
| #define _ALL_SOURCE 1
| #define _GNU_SOURCE 1
| #define _POSIX_PTHREAD_SEMANTICS 1
| #define _TANDEM_SOURCE 1
| #define HAVE_DLFCN_H 1
| #define LT_OBJDIR ".libs/"
| #define HAVE_LIBM 1
| #define HAVE_LIBCRYPTO 1
| #define HAVE_LIBSSL 1
| /* end confdefs.h.  */
| #include <stdio.h>
| #ifdef HAVE_SYS_TYPES_H
| # include <sys/types.h>
| #endif
| #ifdef HAVE_SYS_STAT_H
| # include <sys/stat.h>
| #endif
| #ifdef STDC_HEADERS
| # include <stdlib.h>
| # include <stddef.h>
| #else
| # ifdef HAVE_STDLIB_H
| #  include <stdlib.h>
| # endif
| #endif
| #ifdef HAVE_STRING_H
| # if !defined STDC_HEADERS && defined HAVE_MEMORY_H
| #  include <memory.h>
| # endif
| # include <string.h>
| #endif
| #ifdef HAVE_STRINGS_H
| # include <strings.h>
| #endif
| #ifdef HAVE_INTTYPES_H
| # include <inttypes.h>
| #endif
| #ifdef HAVE_STDINT_H
| # include <stdint.h>
| #endif
| #ifdef HAVE_UNISTD_H
| # include <unistd.h>
| #endif
| int
| main ()
| {
| if (sizeof ((size_t)))
| 	    return 0;
|   ;
|   return 0;
| }
configure:13283: result: yes
configure:13296: checking for working alloca.h
configure:13313: gcc -o conftest -g -O2   conftest.c -lssl -lcrypto -lm  >&5
configure:13313: $? = 0
configure:13321: result: yes
configure:13329: checking for alloca
configure:13366: gcc -o conftest -g -O2   conftest.c -lssl -lcrypto -lm  >&5
configure:13366: $? = 0
configure:13374: result: yes
configure:13480: checking whether time.h and sys/time.h may both be included
configure:13500: gcc -c -g -O2  conftest.c >&5
configure:13500: $? = 0
configure:13507: result: yes
configure:13518: checking openssl/ssl.h usability
configure:13518: gcc -c -g -O2  conftest.c >&5
configure:13518: $? = 0
configure:13518: result: yes
configure:13518: checking openssl/ssl.h presence
configure:13518: gcc -E  conftest.c
configure:13518: $? = 0
configure:13518: result: yes
configure:13518: checking for openssl/ssl.h
configure:13518: result: yes
configure:13518: checking getopt.h usability
configure:13518: gcc -c -g -O2  conftest.c >&5
configure:13518: $? = 0
configure:13518: result: yes
configure:13518: checking getopt.h presence
configure:13518: gcc -E  conftest.c
configure:13518: $? = 0
configure:13518: result: yes
configure:13518: checking for getopt.h
configure:13518: result: yes
configure:13537: checking for an ANSI C-conforming const
configure:13603: gcc -c -g -O2 -DHAVE_SSL  conftest.c >&5
configure:13603: $? = 0
configure:13610: result: yes
configure:13618: checking for size_t
configure:13618: result: yes
configure:13629: checking for ssize_t
configure:13629: gcc -c -g -O2 -DHAVE_SSL  conftest.c >&5
configure:13629: $? = 0
configure:13629: gcc -c -g -O2 -DHAVE_SSL  conftest.c >&5
conftest.c: In function 'main':
conftest.c:72:22: error: expected expression before ')' token
   72 | if (sizeof ((ssize_t)))
      |                      ^
configure:13629: $? = 1
configure: failed program was:
| /* confdefs.h */
| #define PACKAGE_NAME "httperf"
| #define PACKAGE_TARNAME "httperf"
| #define PACKAGE_VERSION "0.9.1"
| #define PACKAGE_STRING "httperf 0.9.1"
| #define PACKAGE_BUGREPORT "httperf@linux.hpl.hp.com"
| #define PACKAGE_URL ""
| #define PACKAGE "httperf"
| #define VERSION "0.9.1"
| #define STDC_HEADERS 1
| #define HAVE_SYS_TYPES_H 1
| #define HAVE_SYS_STAT_H 1
| #define HAVE_STDLIB_H 1
| #define HAVE_STRING_H 1
| #define HAVE_MEMORY_H 1
| #define HAVE_STRINGS_H 1
| #define HAVE_INTTYPES_H 1
| #define HAVE_STDINT_H 1
| #define HAVE_UNISTD_H 1
| #define __EXTENSIONS__ 1
| #define _ALL_SOURCE 1
| #define _GNU_SOURCE 1
| #define _POSIX_PTHREAD_SEMANTICS 1
| #define _TANDEM_SOURCE 1
| #define HAVE_DLFCN_H 1
| #define LT_OBJDIR ".libs/"
| #define HAVE_LIBM 1
| #define HAVE_LIBCRYPTO 1
| #define HAVE_LIBSSL 1
| #define HAVE_ALLOCA_H 1
| #define HAVE_ALLOCA 1
| #define TIME_WITH_SYS_TIME 1
| #define HAVE_OPENSSL_SSL_H 1
| #define HAVE_GETOPT_H 1
| /* end confdefs.h.  */
| #include <stdio.h>
| #ifdef HAVE_SYS_TYPES_H
| # include <sys/types.h>
| #endif
| #ifdef HAVE_SYS_STAT_H
| # include <sys/stat.h>
| #endif
| #ifdef STDC_HEADERS
| # include <stdlib.h>
| # include <stddef.h>
| #else
| # ifdef HAVE_STDLIB_H
| #  include <stdlib.h>
| # endif
| #endif
| #ifdef HAVE_STRING_H
| # if !defined STDC_HEADERS && defined HAVE_MEMORY_H
| #  include <memory.h>
| # endif
| # include <string.h>
| #endif
| #ifdef HAVE_STRINGS_H
| # include <strings.h>
| #endif
| #ifdef HAVE_INTTYPES_H
| # include <inttypes.h>
| #endif
| #ifdef HAVE_STDINT_H
| # include <stdint.h>
| #endif
| #ifdef HAVE_UNISTD_H
| # include <unistd.h>
| #endif
| int
| main ()
| {
| if (sizeof ((ssize_t)))
| 	    return 0;
|   ;
|   return 0;
| }
configure:13629: result: yes
configure:13640: checking for u_char
configure:13640: gcc -c -g -O2 -DHAVE_SSL  conftest.c >&5
configure:13640: $? = 0
configure:13640: gcc -c -g -O2 -DHAVE_SSL  conftest.c >&5
conftest.c: In function 'main':
conftest.c:72:21: error: expected expression before ')' token
   72 | if (sizeof ((u_char)))
      |                     ^
configure:13640: $? = 1
configure: failed program was:
| /* confdefs.h */
| #define PACKAGE_NAME "httperf"
| #define PACKAGE_TARNAME "httperf"
| #define PACKAGE_VERSION "0.9.1"
| #define PACKAGE_STRING "httperf 0.9.1"
| #define PACKAGE_BUGREPORT "httperf@linux.hpl.hp.com"
| #define PACKAGE_URL ""
| #define PACKAGE "httperf"
| #define VERSION "0.9.1"
| #define STDC_HEADERS 1
| #define HAVE_SYS_TYPES_H 1
| #define HAVE_SYS_STAT_H 1
| #define HAVE_STDLIB_H 1
| #define HAVE_STRING_H 1
| #define HAVE_MEMORY_H 1
| #define HAVE_STRINGS_H 1
| #define HAVE_INTTYPES_H 1
| #define HAVE_STDINT_H 1
| #define HAVE_UNISTD_H 1
| #define __EXTENSIONS__ 1
| #define _ALL_SOURCE 1
| #define _GNU_SOURCE 1
| #define _POSIX_PTHREAD_SEMANTICS 1
| #define _TANDEM_SOURCE 1
| #define HAVE_DLFCN_H 1
| #define LT_OBJDIR ".libs/"
| #define HAVE_LIBM 1
| #define HAVE_LIBCRYPTO 1
| #define HAVE_LIBSSL 1
| #define HAVE_ALLOCA_H 1
| #define HAVE_ALLOCA 1
| #define TIME_WITH_SYS_TIME 1
| #define HAVE_OPENSSL_SSL_H 1
| #define HAVE_GETOPT_H 1
| /* end confdefs.h.  */
| #include <stdio.h>
| #ifdef HAVE_SYS_TYPES_H
| # include <sys/types.h>
| #endif
| #ifdef HAVE_SYS_STAT_H
| # include <sys/stat.h>
| #endif
| #ifdef STDC_HEADERS
| # include <stdlib.h>
| # include <stddef.h>
| #else
| # ifdef HAVE_STDLIB_H
| #  include <stdlib.h>
| # endif
| #endif
| #ifdef HAVE_STRING_H
| # if !defined STDC_HEADERS && defined HAVE_MEMORY_H
| #  include <memory.h>
| # endif
| # include <string.h>
| #endif
| #ifdef HAVE_STRINGS_H
| # include <strings.h>
| #endif
| #ifdef HAVE_INTTYPES_H
| # include <inttypes.h>
| #endif
| #ifdef HAVE_STDINT_H
| # include <stdint.h>
| #endif
| #ifdef HAVE_UNISTD_H
| # include <unistd.h>
| #endif
| int
| main ()
| {
| if (sizeof ((u_char)))
| 	    return 0;
|   ;
|   return 0;
| }
configure:13640: result: yes
configure:13651: checking for u_short
configure:13651: gcc -c -g -O2 -DHAVE_SSL  conftest.c >&5
configure:13651: $? = 0
configure:13651: gcc -c -g -O2 -DHAVE_SSL  conftest.c >&5
conftest.c: In function 'main':
conftest.c:72:22: error: expected expression before ')' token
   72 | if (sizeof ((u_short)))
      |                      ^
configure:13651: $? = 1
configure: failed program was:
| /* confdefs.h */
| #define PACKAGE_NAME "httperf"
| #define PACKAGE_TARNAME "httperf"
| #define PACKAGE_VERSION "0.9.1"
| #define PACKAGE_STRING "httperf 0.9.1"
| #define PACKAGE_BUGREPORT "httperf@linux.hpl.hp.com"
| #define PACKAGE_URL ""
| #define PACKAGE "httperf"
| #define VERSION "0.9.1"
| #define STDC_HEADERS 1
| #define HAVE_SYS_TYPES_H 1
| #define HAVE_SYS_STAT_H 1
| #define HAVE_STDLIB_H 1
| #define HAVE_STRING_H 1
| #define HAVE_MEMORY_H 1
| #define HAVE_STRINGS_H 1
| #define HAVE_INTTYPES_H 1
| #define HAVE_STDINT_H 1
| #define HAVE_UNISTD_H 1
| #define __EXTENSIONS__ 1
| #define _ALL_SOURCE 1
| #define _GNU_SOURCE 1
| #define _POSIX_PTHREAD_SEMANTICS 1
| #define _TANDEM_SOURCE 1
| #define HAVE_DLFCN_H 1
| #define LT_OBJDIR ".libs/"
| #define HAVE_LIBM 1
| #define HAVE_LIBCRYPTO 1
| #define HAVE_LIBSSL 1
| #define HAVE_ALLOCA_H 1
| #define HAVE_ALLOCA 1
| #define TIME_WITH_SYS_TIME 1
| #define HAVE_OPENSSL_SSL_H 1
| #define HAVE_GETOPT_H 1
| /* end confdefs.h.  */
| #include <stdio.h>
| #ifdef HAVE_SYS_TYPES_H
| # include <sys/types.h>
| #endif
| #ifdef HAVE_SYS_STAT_H
| # include <sys/stat.h>
| #endif
| #ifdef STDC_HEADERS
| # include <stdlib.h>
| # include <stddef.h>
| #else
| # ifdef HAVE_STDLIB_H
| #  include <stdlib.h>
| # endif
| #endif
| #ifdef HAVE_STRING_H
| # if !defined STDC_HEADERS && defined HAVE_MEMORY_H
| #  include <memory.h>
| # endif
| # include <string.h>
| #endif
| #ifdef HAVE_STRINGS_H
| # include <strings.h>
| #endif
| #ifdef HAVE_INTTYPES_H
| # include <inttypes.h>
| #endif
| #ifdef HAVE_STDINT_H
| # include <stdint.h>
| #endif
| #ifdef HAVE_UNISTD_H
| # include <unistd.h>
| #endif
| int
| main ()
| {
| if (sizeof ((u_short)))
| 	    return 0;
|   ;
|   return 0;
| }
configure:13651: result: yes
configure:13662: checking for u_int
configure:13662: gcc -c -g -O2 -DHAVE_SSL  conftest.c >&5
configure:13662: $? = 0
configure:13662: gcc -c -g -O2 -DHAVE_SSL  conftest.c >&5
conftest.c: In function 'main':
conftest.c:72:20: error: expected expression before ')' token
   72 | if (sizeof ((u_int)))
      |                    ^
configure:13662: $? = 1
configure: failed program was:
| /* confdefs.h */
| #define PACKAGE_NAME "httperf"
| #define PACKAGE_TARNAME "httperf"
| #define PACKAGE_VERSION "0.9.1"
| #define PACKAGE_STRING "httperf 0.9.1"
| #define PACKAGE_BUGREPORT "httperf@linux.hpl.hp.com"
| #define PACKAGE_URL ""
| #define PACKAGE "httperf"
| #define VERSION "0.9.1"
| #define STDC_HEADERS 1
| #define HAVE_SYS_TYPES_H 1
| #define HAVE_SYS_STAT_H 1
| #define HAVE_STDLIB_H 1
| #define HAVE_STRING_H 1
| #define HAVE_MEMORY_H 1
| #define HAVE_STRINGS_H 1
| #define HAVE_INTTYPES_H 1
| #define HAVE_STDINT_H 1
| #define HAVE_UNISTD_H 1
| #define __EXTENSIONS__ 1
| #define _ALL_SOURCE 1
| #define _GNU_SOURCE 1
| #define _POSIX_PTHREAD_SEMANTICS 1
| #define _TANDEM_SOURCE 1
| #define HAVE_DLFCN_H 1
| #define LT_OBJDIR ".libs/"
| #define HAVE_LIBM 1
| #define HAVE_LIBCRYPTO 1
| #define HAVE_LIBSSL 1
| #define HAVE_ALLOCA_H 1
| #define HAVE_ALLOCA 1
| #define TIME_WITH_SYS_TIME 1
| #define HAVE_OPENSSL_SSL_H 1
| #define HAVE_GETOPT_H 1
| /* end confdefs.h.  */
| #include <stdio.h>
| #ifdef HAVE_SYS_TYPES_H
| # include <sys/types.h>
| #endif
| #ifdef HAVE_SYS_STAT_H
| # include <sys/stat.h>
| #endif
| #ifdef STDC_HEADERS
| # include <stdlib.h>
| # include <stddef.h>
| #else
| # ifdef HAVE_STDLIB_H
| #  include <stdlib.h>
| # endif
| #endif
| #ifdef HAVE_STRING_H
| # if !defined STDC_HEADERS && defined HAVE_MEMORY_H
| #  include <memory.h>
| # endif
| # include <string.h>
| #endif
| #ifdef HAVE_STRINGS_H
| # include <strings.h>
| #endif
| #ifdef HAVE_INTTYPES_H
| # include <inttypes.h>
| #endif
| #ifdef HAVE_STDINT_H
| # include <stdint.h>
| #endif
| #ifdef HAVE_UNISTD_H
| # include <unistd.h>
| #endif
| int
| main ()
| {
| if (sizeof ((u_int)))
| 	    return 0;
|   ;
|   return 0;
| }
configure:13662: result: yes
configure:13673: checking for u_long
configure:13673: gcc -c -g -O2 -DHAVE_SSL  conftest.c >&5
configure:13673: $? = 0
configure:13673: gcc -c -g -O2 -DHAVE_SSL  conftest.c >&5
conftest.c: In function 'main':
conftest.c:72:21: error: expected expression before ')' token
   72 | if (sizeof ((u_long)))
      |                     ^
configure:13673: $? = 1
configure: failed program was:
| /* confdefs.h */
| #define PACKAGE_NAME "httperf"
| #define PACKAGE_TARNAME "httperf"
| #define PACKAGE_VERSION "0.9.1"
| #define PACKAGE_STRING "httperf 0.9.1"
| #define PACKAGE_BUGREPORT "httperf@linux.hpl.hp.com"
| #define PACKAGE_URL ""
| #define PACKAGE "httperf"
| #define VERSION "0.9.1"
| #define STDC_HEADERS 1
| #define HAVE_SYS_TYPES_H 1
| #define HAVE_SYS_STAT_H 1
| #define HAVE_STDLIB_H 1
| #define HAVE_STRING_H 1
| #define HAVE_MEMORY_H 1
| #define HAVE_STRINGS_H 1
| #define HAVE_INTTYPES_H 1
| #define HAVE_STDINT_H 1
| #define HAVE_UNISTD_H 1
| #define __EXTENSIONS__ 1
| #define _ALL_SOURCE 1
| #define _GNU_SOURCE 1
| #define _POSIX_PTHREAD_SEMANTICS 1
| #define _TANDEM_SOURCE 1
| #define HAVE_DLFCN_H 1
| #define LT_OBJDIR ".libs/"
| #define HAVE_LIBM 1
| #define HAVE_LIBCRYPTO 1
| #define HAVE_LIBSSL 1
| #define HAVE_ALLOCA_H 1
| #define HAVE_ALLOCA 1
| #define TIME_WITH_SYS_TIME 1
| #define HAVE_OPENSSL_SSL_H 1
| #define HAVE_GETOPT_H 1
| /* end confdefs.h.  */
| #include <stdio.h>
| #ifdef HAVE_SYS_TYPES_H
| # include <sys/types.h>
| #endif
| #ifdef HAVE_SYS_STAT_H
| # include <sys/stat.h>
| #endif
| #ifdef STDC_HEADERS
| # include <stdlib.h>
| # include <stddef.h>
| #else
| # ifdef HAVE_STDLIB_H
| #  include <stdlib.h>
| # endif
| #endif
| #ifdef HAVE_STRING_H
| # if !defined STDC_HEADERS && defined HAVE_MEMORY_H
| #  include <memory.h>
| # endif
| # include <string.h>
| #endif
| #ifdef HAVE_STRINGS_H
| # include <strings.h>
| #endif
| #ifdef HAVE_INTTYPES_H
| # include <inttypes.h>
| #endif
| #ifdef HAVE_STDINT_H
| # include <stdint.h>
| #endif
| #ifdef HAVE_UNISTD_H
| # include <unistd.h>
| #endif
| int
| main ()
| {
| if (sizeof ((u_long)))
| 	    return 0;
|   ;
|   return 0;
| }
configure:13673: result: yes
configure:13687: checking for unsigned long long int
configure:13735: result: yes
configure:13756: checking for u_wide
configure:13756: gcc -c -g -O2 -DHAVE_SSL  conftest.c >&5
conftest.c: In function 'main':
conftest.c:73:13: error: 'u_wide' undeclared (first use in this function)
   73 | if (sizeof (u_wide))
      |             ^~~~~~
conftest.c:73:13: note: each undeclared identifier is reported only once for each function it appears in
configure:13756: $? = 1
configure: failed program was:
| /* confdefs.h */
| #define PACKAGE_NAME "httperf"
| #define PACKAGE_TARNAME "httperf"
| #define PACKAGE_VERSION "0.9.1"
| #define PACKAGE_STRING "httperf 0.9.1"
| #define PACKAGE_BUGREPORT "httperf@linux.hpl.hp.com"
| #define PACKAGE_URL ""
| #define PACKAGE "httperf"
| #define VERSION "0.9.1"
| #define STDC_HEADERS 1
| #define HAVE_SYS_TYPES_H 1
| #define HAVE_SYS_STAT_H 1
| #define HAVE_STDLIB_H 1
| #define HAVE_STRING_H 1
| #define HAVE_MEMORY_H 1
| #define HAVE_STRINGS_H 1
| #define HAVE_INTTYPES_H 1
| #define HAVE_STDINT_H 1
| #define HAVE_UNISTD_H 1
| #define __EXTENSIONS__ 1
| #define _ALL_SOURCE 1
| #define _GNU_SOURCE 1
| #define _POSIX_PTHREAD_SEMANTICS 1
| #define _TANDEM_SOURCE 1
| #define HAVE_DLFCN_H 1
| #define LT_OBJDIR ".libs/"
| #define HAVE_LIBM 1
| #define HAVE_LIBCRYPTO 1
| #define HAVE_LIBSSL 1
| #define HAVE_ALLOCA_H 1
| #define HAVE_ALLOCA 1
| #define TIME_WITH_SYS_TIME 1
| #define HAVE_OPENSSL_SSL_H 1
| #define HAVE_GETOPT_H 1
| #define HAVE_UNSIGNED_LONG_LONG_INT 1
| /* end confdefs.h.  */
| #include <stdio.h>
| #ifdef HAVE_SYS_TYPES_H
| # include <sys/types.h>
| #endif
| #ifdef HAVE_SYS_STAT_H
| # include <sys/stat.h>
| #endif
| #ifdef STDC_HEADERS
| # include <stdlib.h>
| # include <stddef.h>
| #else
| # ifdef HAVE_STDLIB_H
| #  include <stdlib.h>
| # endif
| #endif
| #ifdef HAVE_STRING_H
| # if !defined STDC_HEADERS && defined HAVE_MEMORY_H
| #  include <memory.h>
| # endif
| # include <string.h>
| #endif
| #ifdef HAVE_STRINGS_H
| # include <strings.h>
| #endif
| #ifdef HAVE_INTTYPES_H
| # include <inttypes.h>
| #endif
| #ifdef HAVE_STDINT_H
| # include <stdint.h>
| #endif
| #ifdef HAVE_UNISTD_H
| # include <unistd.h>
| #endif
| int
| main ()
| {
| if (sizeof (u_wide))
| 	 return 0;
|   ;
|   return 0;
| }
configure:13756: result: no
configure:13776: checking for stdlib.h
configure:13776: result: yes
configure:13776: checking for unistd.h
configure:13776: result: yes
configure:13776: checking for sys/param.h
configure:13776: gcc -c -g -O2 -DHAVE_SSL  conftest.c >&5
configure:13776: $? = 0
configure:13776: result: yes
configure:13796: checking for getpagesize
configure:13796: gcc -o conftest -g -O2 -DHAVE_SSL   conftest.c -lssl -lcrypto -lm  >&5
configure:13796: $? = 0
configure:13796: result: yes
configure:13805: checking for working mmap
configure:13954: gcc -o conftest -g -O2 -DHAVE_SSL   conftest.c -lssl -lcrypto -lm  >&5
configure:13954: $? = 0
configure:13954: ./conftest
configure:13954: $? = 0
configure:13964: result: yes
configure:13976: checking sys/select.h usability
configure:13976: gcc -c -g -O2 -DHAVE_SSL  conftest.c >&5
configure:13976: $? = 0
configure:13976: result: yes
configure:13976: checking sys/select.h presence
configure:13976: gcc -E  conftest.c
configure:13976: $? = 0
configure:13976: result: yes
configure:13976: checking for sys/select.h
configure:13976: result: yes
configure:13976: checking sys/socket.h usability
configure:13976: gcc -c -g -O2 -DHAVE_SSL  conftest.c >&5
configure:13976: $? = 0
configure:13976: result: yes
configure:13976: checking sys/socket.h presence
configure:13976: gcc -E  conftest.c
configure:13976: $? = 0
configure:13976: result: yes
configure:13976: checking for sys/socket.h
configure:13976: result: yes
configure:13986: checking types of arguments for select
configure:14014: gcc -c -g -O2 -DHAVE_SSL  conftest.c >&5
configure:14014: $? = 0
configure:14025: result: int,fd_set *,struct timeval *
configure:14048: checking return type of signal handlers
configure:14066: gcc -c -g -O2 -DHAVE_SSL  conftest.c >&5
conftest.c: In function 'main':
conftest.c:54:10: error: void value not ignored as it ought to be
   54 | return *(signal (0, 0)) (0) == 1;
      |         ~^~~~~~~~~~~~~~~~~~
configure:14066: $? = 1
configure: failed program was:
| /* confdefs.h */
| #define PACKAGE_NAME "httperf"
| #define PACKAGE_TARNAME "httperf"
| #define PACKAGE_VERSION "0.9.1"
| #define PACKAGE_STRING "httperf 0.9.1"
| #define PACKAGE_BUGREPORT "httperf@linux.hpl.hp.com"
| #define PACKAGE_URL ""
| #define PACKAGE "httperf"
| #define VERSION "0.9.1"
| #define STDC_HEADERS 1
| #define HAVE_SYS_TYPES_H 1
| #define HAVE_SYS_STAT_H 1
| #define HAVE_STDLIB_H 1
| #define HAVE_STRING_H 1
| #define HAVE_MEMORY_H 1
| #define HAVE_STRINGS_H 1
| #define HAVE_INTTYPES_H 1
| #define HAVE_STDINT_H 1
| #define HAVE_UNISTD_H 1
| #define __EXTENSIONS__ 1
| #define _ALL_SOURCE 1
| #define _GNU_SOURCE 1
| #define _POSIX_PTHREAD_SEMANTICS 1
| #define _TANDEM_SOURCE 1
| #define HAVE_DLFCN_H 1
| #define LT_OBJDIR ".libs/"
| #define HAVE_LIBM 1
| #define HAVE_LIBCRYPTO 1
| #define HAVE_LIBSSL 1
| #define HAVE_ALLOCA_H 1
| #define HAVE_ALLOCA 1
| #define TIME_WITH_SYS_TIME 1
| #define HAVE_OPENSSL_SSL_H 1
| #define HAVE_GETOPT_H 1
| #define HAVE_UNSIGNED_LONG_LONG_INT 1
| #define u_wide unsigned long long
| #define HAVE_STDLIB_H 1
| #define HAVE_UNISTD_H 1
| #define HAVE_SYS_PARAM_H 1
| #define HAVE_GETPAGESIZE 1
| #define HAVE_MMAP 1
| #define HAVE_SYS_SELECT_H 1
| #define HAVE_SYS_SOCKET_H 1
| #define SELECT_TYPE_ARG1 int
| #define SELECT_TYPE_ARG234 (fd_set *)
| #define SELECT_TYPE_ARG5 (struct timeval *)
| /* end confdefs.h.  */
| #include <sys/types.h>
| #include <signal.h>
| 
| int
| main ()
| {
| return *(signal (0, 0)) (0) == 1;
|   ;
|   return 0;
| }
configure:14073: result: void
configure:14081: checking for working strtod
configure:14122: gcc -o conftest -g -O2 -DHAVE_SSL   conftest.c -lssl -lcrypto -lm  >&5
configure:14122: $? = 0
configure:14122: ./conftest
configure:14122: $? = 0
configure:14132: result: yes
configure:14196: checking for vprintf
configure:14196: gcc -o conftest -g -O2 -DHAVE_SSL   conftest.c -lssl -lcrypto -lm  >&5
conftest.c:72:6: warning: conflicting types for built-in function 'vprintf'; expected 'int(const char *, __va_list_tag *)' [-Wbuiltin-declaration-mismatch]
   72 | char vprintf ();
      |      ^~~~~~~
conftest.c:60:1: note: 'vprintf' is declared in header '<stdio.h>'
   59 | # include <limits.h>
   60 | #else
configure:14196: $? = 0
configure:14196: result: yes
configure:14202: checking for _doprnt
configure:14202: gcc -o conftest -g -O2 -DHAVE_SSL   conftest.c -lssl -lcrypto -lm  >&5
/usr/bin/ld: /tmp/ccMdQXBv.o: in function `main':
/home/ycao/httperf-master/build/conftest.c:84: undefined reference to `_doprnt'
collect2: error: ld returned 1 exit status
configure:14202: $? = 1
configure: failed program was:
| /* confdefs.h */
| #define PACKAGE_NAME "httperf"
| #define PACKAGE_TARNAME "httperf"
| #define PACKAGE_VERSION "0.9.1"
| #define PACKAGE_STRING "httperf 0.9.1"
| #define PACKAGE_BUGREPORT "httperf@linux.hpl.hp.com"
| #define PACKAGE_URL ""
| #define PACKAGE "httperf"
| #define VERSION "0.9.1"
| #define STDC_HEADERS 1
| #define HAVE_SYS_TYPES_H 1
| #define HAVE_SYS_STAT_H 1
| #define HAVE_STDLIB_H 1
| #define HAVE_STRING_H 1
| #define HAVE_MEMORY_H 1
| #define HAVE_STRINGS_H 1
| #define HAVE_INTTYPES_H 1
| #define HAVE_STDINT_H 1
| #define HAVE_UNISTD_H 1
| #define __EXTENSIONS__ 1
| #define _ALL_SOURCE 1
| #define _GNU_SOURCE 1
| #define _POSIX_PTHREAD_SEMANTICS 1
| #define _TANDEM_SOURCE 1
| #define HAVE_DLFCN_H 1
| #define LT_OBJDIR ".libs/"
| #define HAVE_LIBM 1
| #define HAVE_LIBCRYPTO 1
| #define HAVE_LIBSSL 1
| #define HAVE_ALLOCA_H 1
| #define HAVE_ALLOCA 1
| #define TIME_WITH_SYS_TIME 1
| #define HAVE_OPENSSL_SSL_H 1
| #define HAVE_GETOPT_H 1
| #define HAVE_UNSIGNED_LONG_LONG_INT 1
| #define u_wide unsigned long long
| #define HAVE_STDLIB_H 1
| #define HAVE_UNISTD_H 1
| #define HAVE_SYS_PARAM_H 1
| #define HAVE_GETPAGESIZE 1
| #define HAVE_MMAP 1
| #define HAVE_SYS_SELECT_H 1
| #define HAVE_SYS_SOCKET_H 1
| #define SELECT_TYPE_ARG1 int
| #define SELECT_TYPE_ARG234 (fd_set *)
| #define SELECT_TYPE_ARG5 (struct timeval *)
| #define RETSIGTYPE void
| #define HAVE_VPRINTF 1
| /* end confdefs.h.  */
| /* Define _doprnt to an innocuous variant, in case <limits.h> declares _doprnt.
|    For example, HP-UX 11i <limits.h> declares gettimeofday.  */
| #define _doprnt innocuous__doprnt
| 
| /* System header to define __stub macros and hopefully few prototypes,
|     which can conflict with char _doprnt (); below.
|     Prefer <limits.h> to <assert.h> if __STDC__ is defined, since
|     <limits.h> exists even on freestanding compilers.  */
| 
| #ifdef __STDC__
| # include <limits.h>
| #else
| # include <assert.h>
| #endif
| 
| #undef _doprnt
| 
| /* Override any GCC internal prototype to avoid an error.
|    Use char because int might match the return type of a GCC
|    builtin and then its argument prototype would still apply.  */
| #ifdef __cplusplus
| extern "C"
| #endif
| char _doprnt ();
| /* The GNU C library defines this for functions which it implements
|     to always fail with ENOSYS.  Some functions are actually named
|     something starting with __ and the normal name is an alias.  */
| #if defined __stub__doprnt || defined __stub____doprnt
| choke me
| #endif
| 
| int
| main ()
| {
| return _doprnt ();
|   ;
|   return 0;
| }
configure:14202: result: no
configure:14215: checking for getopt_long
configure:14215: gcc -o conftest -g -O2 -DHAVE_SSL   conftest.c -lssl -lcrypto -lm  >&5
configure:14215: $? = 0
configure:14215: result: yes
configure:14243: checking for epoll_create
configure:14243: gcc -o conftest -g -O2 -DHAVE_SSL   conftest.c -lssl -lcrypto -lm  >&5
configure:14243: $? = 0
configure:14243: result: yes
configure:14355: checking that generated files are newer than configure
configure:14361: result: done
configure:14392: creating ./config.status

## ---------------- ##
## Cache variables. ##
## ---------------- ##

ac_cv_build=x86_64-pc-linux-gnu
ac_cv_c_compiler_gnu=yes
ac_cv_c_const=yes
ac_cv_env_CC_set=
ac_cv_env_CC_value=
ac_cv_env_CFLAGS_set=
ac_cv_env_CFLAGS_value=
ac_cv_env_CPPFLAGS_set=
ac_cv_env_CPPFLAGS_value=
ac_cv_env_CPP_set=
ac_cv_env_CPP_value=
ac_cv_env_LDFLAGS_set=
ac_cv_env_LDFLAGS_value=
ac_cv_env_LIBS_set=
ac_cv_env_LIBS_value=
ac_cv_env_LT_SYS_LIBRARY_PATH_set=
ac_cv_env_LT_SYS_LIBRARY_PATH_value=
ac_cv_env_build_alias_set=
ac_cv_env_build_alias_value=
ac_cv_env_host_alias_set=
ac_cv_env_host_alias_value=
ac_cv_env_target_alias_set=
ac_cv_env_target_alias_value=
ac_cv_func__doprnt=no
ac_cv_func_alloca_works=yes
ac_cv_func_epoll_create=yes
ac_cv_func_getopt_long=yes
ac_cv_func_getpagesize=yes
ac_cv_func_mmap_fixed_mapped=yes
ac_cv_func_select_args='int,fd_set *,struct timeval *'
ac_cv_func_strtod=yes
ac_cv_func_vprintf=yes
ac_cv_header_dlfcn_h=yes
ac_cv_header_getopt_h=yes
ac_cv_header_inttypes_h=yes
ac_cv_header_memory_h=yes
ac_cv_header_minix_config_h=no
ac_cv_header_openssl_ssl_h=yes
ac_cv_header_stdc=yes
ac_cv_header_stdint_h=yes
ac_cv_header_stdlib_h=yes
ac_cv_header_string_h=yes
ac_cv_header_strings_h=yes
ac_cv_header_sys_param_h=yes
ac_cv_header_sys_select_h=yes
ac_cv_header_sys_socket_h=yes
ac_cv_header_sys_stat_h=yes
ac_cv_header_sys_types_h=yes
ac_cv_header_time=yes
ac_cv_header_unistd_h=yes
ac_cv_host=x86_64-pc-linux-gnu
ac_cv_lib_crypto_main=yes
ac_cv_lib_m_sqrt=yes
ac_cv_lib_ssl_SSL_version=yes
ac_cv_objext=o
ac_cv_path_EGREP='/usr/bin/grep -E'
ac_cv_path_FGREP='/usr/bin/grep -F'
ac_cv_path_GREP=/usr/bin/grep
ac_cv_path_SED=/usr/bin/sed
ac_cv_path_install='/usr/bin/install -c'
ac_cv_path_lt_DD=/usr/bin/dd
ac_cv_path_mkdir=/usr/bin/mkdir
ac_cv_prog_AWK=gawk
ac_cv_prog_CPP='gcc -E'
ac_cv_prog_ac_ct_AR=ar
ac_cv_prog_ac_ct_CC=gcc
ac_cv_prog_ac_ct_MANIFEST_TOOL=mt
ac_cv_prog_ac_ct_OBJDUMP=objdump
ac_cv_prog_ac_ct_RANLIB=ranlib
ac_cv_prog_ac_ct_STRIP=strip
ac_cv_prog_cc_c89=
ac_cv_prog_cc_c99=
ac_cv_prog_cc_g=yes
ac_cv_prog_make_make_set=yes
ac_cv_safe_to_define___extensions__=yes
ac_cv_search_gethostbyname='none required'
ac_cv_search_getsockopt='none required'
ac_cv_search_inet_aton='none required'
ac_cv_search_socket='none required'
ac_cv_target=x86_64-pc-linux-gnu
ac_cv_type_signal=void
ac_cv_type_size_t=yes
ac_cv_type_ssize_t=yes
ac_cv_type_u_char=yes
ac_cv_type_u_int=yes
ac_cv_type_u_long=yes
ac_cv_type_u_short=yes
ac_cv_type_u_wide=no
ac_cv_type_unsigned_long_long_int=yes
ac_cv_working_alloca_h=yes
am_cv_CC_dependencies_compiler_type=gcc3
am_cv_make_support_nested_variables=yes
am_cv_prog_cc_c_o=yes
lt_cv_ar_at_file=@
lt_cv_archive_cmds_need_lc=no
lt_cv_deplibs_check_method=pass_all
lt_cv_file_magic_cmd='$MAGIC_CMD'
lt_cv_file_magic_test_file=
lt_cv_ld_reload_flag=-r
lt_cv_nm_interface='BSD nm'
lt_cv_objdir=.libs
lt_cv_path_LD=/usr/bin/ld
lt_cv_path_NM='/usr/bin/nm -B'
lt_cv_path_mainfest_tool=no
lt_cv_prog_compiler_c_o=yes
lt_cv_prog_compiler_pic='-fPIC -DPIC'
lt_cv_prog_compiler_pic_works=yes
lt_cv_prog_compiler_rtti_exceptions=no
lt_cv_prog_compiler_static_works=yes
lt_cv_prog_gnu_ld=yes
lt_cv_sharedlib_from_linklib_cmd='printf %s\n'
lt_cv_shlibpath_overrides_runpath=yes
lt_cv_sys_global_symbol_pipe='sed -n -e '\''s/^.*[	 ]\([ABCDGIRSTW][ABCDGIRSTW]*\)[	 ][	 ]*\([_A-Za-z][_A-Za-z0-9]*\)$/\1 \2 \2/p'\'' | sed '\''/ __gnu_lto/d'\'''
lt_cv_sys_global_symbol_to_c_name_address='sed -n -e '\''s/^: \(.*\) .*$/  {"\1", (void *) 0},/p'\'' -e '\''s/^[ABCDGIRSTW][ABCDGIRSTW]* .* \(.*\)$/  {"\1", (void *) \&\1},/p'\'''
lt_cv_sys_global_symbol_to_c_name_address_lib_prefix='sed -n -e '\''s/^: \(.*\) .*$/  {"\1", (void *) 0},/p'\'' -e '\''s/^[ABCDGIRSTW][ABCDGIRSTW]* .* \(lib.*\)$/  {"\1", (void *) \&\1},/p'\'' -e '\''s/^[ABCDGIRSTW][ABCDGIRSTW]* .* \(.*\)$/  {"lib\1", (void *) \&\1},/p'\'''
lt_cv_sys_global_symbol_to_cdecl='sed -n -e '\''s/^T .* \(.*\)$/extern int \1();/p'\'' -e '\''s/^[ABCDGIRSTW][ABCDGIRSTW]* .* \(.*\)$/extern char \1;/p'\'''
lt_cv_sys_global_symbol_to_import=
lt_cv_sys_max_cmd_len=1572864
lt_cv_to_host_file_cmd=func_convert_file_noop
lt_cv_to_tool_file_cmd=func_convert_file_noop
lt_cv_truncate_bin='/usr/bin/dd bs=4096 count=1'

## ----------------- ##
## Output variables. ##
## ----------------- ##

ACLOCAL='${SHELL} '\''/home/ycao/httperf-master/missing'\'' aclocal-1.16'
ALLOCA=''
AMDEPBACKSLASH='\'
AMDEP_FALSE='#'
AMDEP_TRUE=''
AMTAR='$${TAR-tar}'
AM_BACKSLASH='\'
AM_DEFAULT_V='$(AM_DEFAULT_VERBOSITY)'
AM_DEFAULT_VERBOSITY='1'
AM_V='$(V)'
AR='ar'
AUTOCONF='${SHELL} '\''/home/ycao/httperf-master/missing'\'' autoconf'
AUTOHEADER='${SHELL} '\''/home/ycao/httperf-master/missing'\'' autoheader'
AUTOMAKE='${SHELL} '\''/home/ycao/httperf-master/missing'\'' automake-1.16'
AWK='gawk'
CC='gcc'
CCDEPMODE='depmode=gcc3'
CFLAGS='-g -O2 -DHAVE_SSL'
CPP='gcc -E'
CPPFLAGS=''
CYGPATH_W='echo'
DEFS='-DHAVE_CONFIG_H'
DEPDIR='.deps'
DLLTOOL='false'
DSYMUTIL=''
DUMPBIN=''
ECHO_C=''
ECHO_N='-n'
ECHO_T=''
EGREP='/usr/bin/grep -E'
EXEEXT=''
FGREP='/usr/bin/grep -F'
GREP='/usr/bin/grep'
IDLECONN_FALSE=''
IDLECONN_TRUE='#'
INSTALL_DATA='${INSTALL} -m 644'
INSTALL_PROGRAM='${INSTALL}'
INSTALL_SCRIPT='${INSTALL}'
INSTALL_STRIP_PROGRAM='$(install_sh) -c -s'
LD='/usr/bin/ld -m elf_x86_64'
LDFLAGS=''
LIBOBJS=''
LIBS='-lssl -lcrypto -lm '
LIBTOOL='$(SHELL) $(top_builddir)/libtool'
LIPO=''
LN_S='ln -s'
LTLIBOBJS=''
LT_SYS_LIBRARY_PATH=''
MAKEINFO='${SHELL} '\''/home/ycao/httperf-master/missing'\'' makeinfo'
MANIFEST_TOOL=':'
MKDIR_P='/usr/bin/mkdir -p'
NM='/usr/bin/nm -B'
NMEDIT=''
OBJDUMP='objdump'
OBJEXT='o'
OTOOL64=''
OTOOL=''
PACKAGE='httperf'
PACKAGE_BUGREPORT='httperf@linux.hpl.hp.com'
PACKAGE_NAME='httperf'
PACKAGE_STRING='httperf 0.9.1'
PACKAGE_TARNAME='httperf'
PACKAGE_URL=''
PACKAGE_VERSION='0.9.1'
PATH_SEPARATOR=':'
POW_LIB=''
RANLIB='ranlib'
SED='/usr/bin/sed'
SET_MAKE=''
SHELL='/bin/bash'
STRIP='strip'
VERSION='0.9.1'
ac_ct_AR='ar'
ac_ct_CC='gcc'
ac_ct_DUMPBIN=''
am__EXEEXT_FALSE=''
am__EXEEXT_TRUE='#'
am__fastdepCC_FALSE='#'
am__fastdepCC_TRUE=''
am__include='include'
am__isrc=' -I$(srcdir)'
am__leading_dot='.'
am__nodep='_no'
am__quote=''
am__tar='$${TAR-tar} chof - "$$tardir"'
am__untar='$${TAR-tar} xf -'
bindir='${exec_prefix}/bin'
build='x86_64-pc-linux-gnu'
build_alias=''
build_cpu='x86_64'
build_os='linux-gnu'
build_vendor='pc'
datadir='${datarootdir}'
datarootdir='${prefix}/share'
docdir='${datarootdir}/doc/${PACKAGE_TARNAME}'
dvidir='${docdir}'
exec_prefix='${prefix}'
host='x86_64-pc-linux-gnu'
host_alias=''
host_cpu='x86_64'
host_os='linux-gnu'
host_vendor='pc'
htmldir='${docdir}'
includedir='${prefix}/include'
infodir='${datarootdir}/info'
install_sh='${SHELL} /home/ycao/httperf-master/install-sh'
libdir='${exec_prefix}/lib'
libexecdir='${exec_prefix}/libexec'
localedir='${datarootdir}/locale'
localstatedir='${prefix}/var'
mandir='${datarootdir}/man'
mkdir_p='$(MKDIR_P)'
oldincludedir='/usr/include'
pdfdir='${docdir}'
prefix='/usr/local'
program_transform_name='s,x,x,'
psdir='${docdir}'
runstatedir='${localstatedir}/run'
sbindir='${exec_prefix}/sbin'
sharedstatedir='${prefix}/com'
sysconfdir='${prefix}/etc'
target='x86_64-pc-linux-gnu'
target_alias=''
target_cpu='x86_64'
target_os='linux-gnu'
target_vendor='pc'

## ----------- ##
## confdefs.h. ##
## ----------- ##

/* confdefs.h */
#define PACKAGE_NAME "httperf"
#define PACKAGE_TARNAME "httperf"
#define PACKAGE_VERSION "0.9.1"
#define PACKAGE_STRING "httperf 0.9.1"
#define PACKAGE_BUGREPORT "httperf@linux.hpl.hp.com"
#define PACKAGE_URL ""
#define PACKAGE "httperf"
#define VERSION "0.9.1"
#define STDC_HEADERS 1
#define HAVE_SYS_TYPES_H 1
#define HAVE_SYS_STAT_H 1
#define HAVE_STDLIB_H 1
#define HAVE_STRING_H 1
#define HAVE_MEMORY_H 1
#define HAVE_STRINGS_H 1
#define HAVE_INTTYPES_H 1
#define HAVE_STDINT_H 1
#define HAVE_UNISTD_H 1
#define __EXTENSIONS__ 1
#define _ALL_SOURCE 1
#define _GNU_SOURCE 1
#define _POSIX_PTHREAD_SEMANTICS 1
#define _TANDEM_SOURCE 1
#define HAVE_DLFCN_H 1
#define LT_OBJDIR ".libs/"
#define HAVE_LIBM 1
#define HAVE_LIBCRYPTO 1
#define HAVE_LIBSSL 1
#define HAVE_ALLOCA_H 1
#define HAVE_ALLOCA 1
#define TIME_WITH_SYS_TIME 1
#define HAVE_OPENSSL_SSL_H 1
#define HAVE_GETOPT_H 1
#define HAVE_UNSIGNED_LONG_LONG_INT 1
#define u_wide unsigned long long
#define HAVE_STDLIB_H 1
#define HAVE_UNISTD_H 1
#define HAVE_SYS_PARAM_H 1
#define HAVE_GETPAGESIZE 1
#define HAVE_MMAP 1
#define HAVE_SYS_SELECT_H 1
#define HAVE_SYS_SOCKET_H 1
#define SELECT_TYPE_ARG1 int
#define SELECT_TYPE_ARG234 (fd_set *)
#define SELECT_TYPE_ARG5 (struct timeval *)
#define RETSIGTYPE void
#define HAVE_VPRINTF 1
#define HAVE_GETOPT_LONG 1
#define HAVE_EPOLL 1

configure: exit 0

## ---------------------- ##
## Running config.status. ##
## ---------------------- ##

This file was extended by httperf config.status 0.9.1, which was
generated by GNU Autoconf 2.69.  Invocation command line was

  CONFIG_FILES    = 
  CONFIG_HEADERS  = 
  CONFIG_LINKS    = 
  CONFIG_COMMANDS = 
  $ ./config.status 

on gros-64.nancy.grid5000.fr

config.status:1126: creating Makefile
config.status:1126: creating man/Makefile
config.status:1126: creating src/stat/Makefile
config.status:1126: creating src/lib/Makefile
config.status:1126: creating src/gen/Makefile
config.status:1126: creating src/Makefile
config.status:1126: creating config.h
config.status:1292: config.h is unchanged
config.status:1340: executing depfiles commands
config.status:1417: cd src/stat       && sed -e '/# am--include-marker/d' Makefile         | make -f - am--depfiles
make[1]: Entering directory '/home/ycao/httperf-master/build/src/stat'
make[1]: Nothing to be done for 'am--depfiles'.
make[1]: Leaving directory '/home/ycao/httperf-master/build/src/stat'
config.status:1422: $? = 0
config.status:1417: cd src/lib       && sed -e '/# am--include-marker/d' Makefile         | make -f - am--depfiles
make[1]: Entering directory '/home/ycao/httperf-master/build/src/lib'
make[1]: Nothing to be done for 'am--depfiles'.
make[1]: Leaving directory '/home/ycao/httperf-master/build/src/lib'
config.status:1422: $? = 0
config.status:1417: cd src/gen       && sed -e '/# am--include-marker/d' Makefile         | make -f - am--depfiles
make[1]: Entering directory '/home/ycao/httperf-master/build/src/gen'
make[1]: Nothing to be done for 'am--depfiles'.
make[1]: Leaving directory '/home/ycao/httperf-master/build/src/gen'
config.status:1422: $? = 0
config.status:1417: cd src       && sed -e '/# am--include-marker/d' Makefile         | make -f - am--depfiles
make[1]: Entering directory '/home/ycao/httperf-master/build/src'
make[1]: Nothing to be done for 'am--depfiles'.
make[1]: Leaving directory '/home/ycao/httperf-master/build/src'
config.status:1422: $? = 0
config.status:1340: executing libtool commands

## ---------------------- ##
## Running config.status. ##
## ---------------------- ##

This file was extended by httperf config.status 0.9.1, which was
generated by GNU Autoconf 2.69.  Invocation command line was

  CONFIG_FILES    = 
  CONFIG_HEADERS  = 
  CONFIG_LINKS    = 
  CONFIG_COMMANDS = 
  $ ./config.status config.h

on gros-64.nancy.grid5000.fr

config.status:1126: creating config.h
config.status:1292: config.h is unchanged
